<?xml version="1.0" encoding="UTF-8"?>
<!-- Generated by org.testng.reporters.JUnitReportReporter -->
<testsuite hostname="DESKTOP-OVFN53Q" failures="0" tests="3" name="S.test" time="0.022" errors="0" timestamp="2023-09-05T13:20:55 IST" skipped="0">
  <testcase classname="S.test" name="createcustomer" time="0.009"/>
  <testcase classname="S.test" name="deletecustomer" time="0.003"/>
  <testcase classname="S.test" name="modifycustomer" time="0.010"/>
</testsuite> <!-- S.test -->
